[00:06:36] [ServerMain/INFO]: [bootstrap] Running Java 21 (OpenJDK 64-Bit Server VM 21.0.5+11-LTS; Microsoft Microsoft-10376803) on Linux 6.5.0-1025-azure (amd64)
[00:06:36] [ServerMain/INFO]: [bootstrap] Loading Paper 1.21.4-207-main@1a7288a (2025-03-09T18:15:59Z) for Minecraft 1.21.4
[00:06:36] [ServerMain/INFO]: [PluginInitializerManager] Initializing plugins...
[00:06:36] [ServerMain/INFO]: [PluginInitializerManager] Initialized 0 plugins
[00:06:43] [ServerMain/INFO]: Environment: Environment[sessionHost=https://sessionserver.mojang.com, servicesHost=https://api.minecraftservices.com, name=PROD]
[00:06:44] [ServerMain/INFO]: Found new data pack file/bukkit, loading it automatically
[00:06:44] [ServerMain/INFO]: Found new data pack paper, loading it automatically
[00:06:45] [ServerMain/INFO]: No existing world data, creating new world
[00:06:47] [ServerMain/INFO]: Loaded 1370 recipes
[00:06:47] [ServerMain/INFO]: Loaded 1481 advancements
[00:06:47] [ServerMain/INFO]: [MCTypeRegistry] Initialising converters for DataConverter...
[00:06:47] [ServerMain/INFO]: [MCTypeRegistry] Finished initialising converters for DataConverter in 353.4ms
[00:06:47] [Server thread/INFO]: Starting minecraft server version 1.21.4
[00:06:47] [Server thread/INFO]: Loading properties
[00:06:47] [Server thread/INFO]: This server is running Paper version 1.21.4-207-main@1a7288a (2025-03-09T18:15:59Z) (Implementing API version 1.21.4-R0.1-SNAPSHOT)
[00:06:47] [Server thread/INFO]: [spark] This server bundles the spark profiler. For more information please visit https://docs.papermc.io/paper/profiling
[00:06:47] [Server thread/INFO]: Server Ping Player Sample Count: 12
[00:06:47] [Server thread/INFO]: Using 4 threads for Netty based IO
[00:06:49] [Server thread/INFO]: [MoonriseCommon] Paper is using 1 worker threads, 1 I/O threads
[00:06:49] [Server thread/INFO]: [ChunkTaskScheduler] Chunk system is using population gen parallelism: true
[00:06:49] [Server thread/INFO]: Default game type: SURVIVAL
[00:06:49] [Server thread/INFO]: Generating keypair
[00:06:49] [Server thread/INFO]: Starting Minecraft server on *:25565
[00:06:49] [Server thread/INFO]: Using epoll channel type
[00:06:49] [Server thread/INFO]: Paper: Using libdeflate (Linux x86_64) compression from Velocity.
[00:06:49] [Server thread/INFO]: Paper: Using OpenSSL 1.1.x (Linux x86_64) cipher from Velocity.
[00:06:50] [Server thread/INFO]: Preparing level "world"
[00:07:03] [Server thread/INFO]: Preparing start region for dimension minecraft:overworld
[00:07:03] [Server thread/INFO]: Preparing spawn area: 2%
[00:07:03] [Server thread/INFO]: Preparing spawn area: 2%
[00:07:04] [Server thread/INFO]: Preparing spawn area: 2%
[00:07:04] [Server thread/INFO]: Preparing spawn area: 2%
[00:07:05] [Server thread/INFO]: Preparing spawn area: 2%
[00:07:05] [Server thread/INFO]: Preparing spawn area: 2%
[00:07:06] [Server thread/INFO]: Preparing spawn area: 4%
[00:07:07] [Server thread/INFO]: Preparing spawn area: 18%
[00:07:07] [Server thread/INFO]: Preparing spawn area: 18%
[00:07:07] [Server thread/INFO]: Preparing spawn area: 18%
[00:07:08] [Server thread/INFO]: Preparing spawn area: 18%
[00:07:08] [Server thread/INFO]: Preparing spawn area: 18%
[00:07:09] [Server thread/INFO]: Preparing spawn area: 32%
[00:07:10] [Server thread/INFO]: Preparing spawn area: 46%
[00:07:10] [Server thread/INFO]: Preparing spawn area: 46%
[00:07:10] [Server thread/INFO]: Preparing spawn area: 51%
[00:07:11] [Server thread/INFO]: Preparing spawn area: 51%
[00:07:11] [Server thread/INFO]: Preparing spawn area: 65%
[00:07:12] [Server thread/INFO]: Preparing spawn area: 65%
[00:07:12] [Server thread/INFO]: Time elapsed: 9189 ms
[00:07:12] [Server thread/INFO]: Preparing start region for dimension minecraft:the_nether
[00:07:12] [Server thread/INFO]: Preparing spawn area: 2%
[00:07:13] [Server thread/INFO]: Preparing spawn area: 2%
[00:07:13] [Server thread/INFO]: Preparing spawn area: 18%
[00:07:14] [Server thread/INFO]: Preparing spawn area: 18%
[00:07:14] [Server thread/INFO]: Preparing spawn area: 51%
[00:07:15] [Server thread/INFO]: Preparing spawn area: 61%
[00:07:15] [Server thread/INFO]: Time elapsed: 2682 ms
[00:07:15] [Server thread/INFO]: Preparing start region for dimension minecraft:the_end
[00:07:15] [Server thread/INFO]: Preparing spawn area: 2%
[00:07:15] [Server thread/INFO]: Preparing spawn area: 51%
[00:07:15] [Server thread/INFO]: Time elapsed: 714 ms
[00:07:16] [Server thread/INFO]: [spark] Starting background profiler...
[00:07:16] [Server thread/INFO]: Done preparing level "world" (26.323s)
[00:07:16] [Server thread/INFO]: Running delayed init tasks
[00:07:16] [Server thread/INFO]: Done (41.442s)! For help, type "help"
[00:07:16] [Server thread/INFO]: *************************************************************************************
[00:07:16] [Server thread/INFO]: This is the first time you're starting this server.
[00:07:16] [Server thread/INFO]: It's recommended you read our 'Getting Started' documentation for guidance.
[00:07:16] [Server thread/INFO]: View this and more helpful information here: https://docs.papermc.io/paper/next-steps
[00:07:16] [Server thread/INFO]: *************************************************************************************
